TN:
SF:src/app.ts
FN:17,createApp
FN:42,(anonymous_1)
FN:66,(anonymous_2)
FNF:3
FNH:1
FNDA:1,createApp
FNDA:0,(anonymous_1)
FNDA:0,(anonymous_2)
DA:18,1
DA:19,1
DA:21,1
DA:23,1
DA:30,1
DA:31,1
DA:32,1
DA:35,1
DA:36,1
DA:37,1
DA:38,1
DA:39,1
DA:42,1
DA:45,1
DA:63,1
DA:64,1
DA:66,1
DA:67,0
DA:68,0
DA:69,0
DA:71,0
DA:72,0
DA:76,1
LF:23
LH:18
BRDA:25,0,0,1
BRDA:25,0,1,0
BRDA:63,1,0,1
BRDA:63,1,1,1
BRF:4
BRH:3
end_of_record
TN:
SF:src/prisma.ts
FNF:0
FNH:0
DA:3,1
LF:1
LH:1
BRF:0
BRH:0
end_of_record
TN:
SF:src/redis.ts
FN:7,(anonymous_0)
FNF:1
FNH:0
FNDA:0,(anonymous_0)
DA:3,1
DA:7,1
LF:2
LH:2
BRDA:3,0,0,1
BRDA:3,0,1,0
BRF:2
BRH:1
end_of_record
TN:
SF:src/middleware/auth.ts
FN:16,sessionKey
FN:22,createSession
FN:30,getSession
FN:40,destroySession
FN:46,setSessionCookie
FN:58,clearSessionCookie
FN:64,authMiddleware
FN:82,requireAuth
FNF:8
FNH:6
FNDA:11,sessionKey
FNDA:2,createSession
FNDA:9,getSession
FNDA:0,destroySession
FNDA:2,setSessionCookie
FNDA:0,clearSessionCookie
FNDA:10,authMiddleware
FNDA:8,requireAuth
DA:6,1
DA:7,1
DA:17,11
DA:23,2
DA:24,2
DA:26,2
DA:27,2
DA:31,9
DA:32,9
DA:33,9
DA:34,9
DA:36,0
DA:41,0
DA:47,2
DA:49,2
DA:59,0
DA:65,10
DA:66,10
DA:68,9
DA:69,9
DA:70,9
DA:71,9
DA:72,9
DA:73,9
DA:76,0
DA:79,9
DA:83,8
DA:84,0
DA:86,8
LF:29
LH:24
BRDA:8,0,0,1
BRDA:8,0,1,0
BRDA:32,1,0,0
BRDA:32,1,1,9
BRDA:66,2,0,1
BRDA:66,2,1,9
BRDA:70,3,0,9
BRDA:70,3,1,0
BRDA:83,4,0,0
BRDA:83,4,1,8
BRF:10
BRH:6
end_of_record
TN:
SF:src/routes/auth.ts
FN:22,isValidEmail
FN:26,isStrongEnoughPassword
FN:31,(anonymous_2)
FN:70,(anonymous_3)
FN:101,(anonymous_4)
FN:115,(anonymous_5)
FNF:6
FNH:4
FNDA:1,isValidEmail
FNDA:1,isStrongEnoughPassword
FNDA:1,(anonymous_2)
FNDA:1,(anonymous_3)
FNDA:0,(anonymous_4)
FNDA:0,(anonymous_5)
DA:13,1
DA:15,1
DA:23,1
DA:27,1
DA:31,1
DA:32,1
DA:33,1
DA:34,1
DA:35,0
DA:38,1
DA:40,1
DA:41,0
DA:43,1
DA:44,0
DA:47,1
DA:48,1
DA:49,0
DA:52,1
DA:54,1
DA:59,1
DA:60,1
DA:62,1
DA:64,0
DA:65,0
DA:70,1
DA:71,1
DA:72,1
DA:73,1
DA:74,0
DA:77,1
DA:79,1
DA:84,1
DA:85,1
DA:87,1
DA:88,1
DA:90,1
DA:91,1
DA:93,1
DA:95,0
DA:96,0
DA:101,1
DA:102,0
DA:103,0
DA:104,0
DA:106,0
DA:107,0
DA:109,0
DA:110,0
DA:115,1
DA:116,0
DA:117,0
LF:51
LH:33
BRDA:27,0,0,1
BRDA:27,0,1,1
BRDA:33,1,0,1
BRDA:33,1,1,0
BRDA:34,2,0,0
BRDA:34,2,1,1
BRDA:34,3,0,1
BRDA:34,3,1,1
BRDA:40,4,0,0
BRDA:40,4,1,1
BRDA:43,5,0,0
BRDA:43,5,1,1
BRDA:48,6,0,0
BRDA:48,6,1,1
BRDA:72,7,0,1
BRDA:72,7,1,0
BRDA:73,8,0,0
BRDA:73,8,1,1
BRDA:73,9,0,1
BRDA:73,9,1,1
BRDA:85,10,0,0
BRDA:85,10,1,1
BRDA:88,11,0,0
BRDA:88,11,1,1
BRDA:103,12,0,0
BRDA:103,12,1,0
BRDA:116,13,0,0
BRDA:116,13,1,0
BRF:28
BRH:15
end_of_record
TN:
SF:src/routes/recommend.ts
FN:33,weightsFor
FN:39,scoreToPercent
FN:43,hasTag
FN:44,(anonymous_3)
FN:48,domainIntentTags
FN:67,overlapScore
FN:74,(anonymous_6)
FN:98,(anonymous_7)
FN:99,(anonymous_8)
FN:250,(anonymous_9)
FN:255,(anonymous_10)
FNF:11
FNH:11
FNDA:4,weightsFor
FNDA:920,scoreToPercent
FNDA:184,hasTag
FNDA:700,(anonymous_3)
FNDA:4,domainIntentTags
FNDA:184,overlapScore
FNDA:4,(anonymous_6)
FNDA:304,(anonymous_7)
FNDA:1060,(anonymous_8)
FNDA:764,(anonymous_9)
FNDA:40,(anonymous_10)
DA:19,1
DA:34,4
DA:35,4
DA:36,4
DA:40,920
DA:44,700
DA:45,184
DA:49,4
DA:50,4
DA:51,4
DA:53,4
DA:54,4
DA:55,4
DA:56,4
DA:57,4
DA:59,4
DA:60,4
DA:61,4
DA:62,4
DA:64,4
DA:68,184
DA:69,184
DA:70,368
DA:71,184
DA:74,1
DA:75,4
DA:76,4
DA:78,4
DA:79,4
DA:82,4
DA:84,4
DA:85,4
DA:88,4
DA:92,4
DA:93,4
DA:95,4
DA:97,4
DA:99,1060
DA:100,304
DA:101,304
DA:103,304
DA:105,304
DA:106,304
DA:108,304
DA:109,304
DA:110,304
DA:111,304
DA:112,4
DA:115,304
DA:116,304
DA:117,304
DA:119,304
DA:120,304
DA:122,304
DA:129,304
DA:130,304
DA:133,184
DA:134,184
DA:140,304
DA:141,304
DA:142,84
DA:143,84
DA:146,184
DA:151,304
DA:152,304
DA:153,180
DA:155,184
DA:156,184
DA:158,184
DA:159,184
DA:162,184
DA:166,304
DA:168,304
DA:169,0
DA:170,0
DA:173,184
DA:176,304
DA:177,304
DA:179,304
DA:180,304
DA:181,184
DA:182,184
DA:185,184
DA:191,184
DA:193,184
DA:194,184
DA:195,184
DA:196,184
DA:197,184
DA:198,184
DA:200,184
DA:208,184
DA:214,304
DA:216,184
DA:217,184
DA:218,184
DA:220,184
DA:250,764
DA:252,4
DA:255,40
DA:283,4
DA:285,4
DA:291,4
DA:292,0
DA:301,4
DA:312,4
DA:314,0
DA:315,0
LF:108
LH:103
BRDA:34,0,0,0
BRDA:34,0,1,4
BRDA:35,1,0,0
BRDA:35,1,1,4
BRDA:50,2,0,0
BRDA:50,2,1,4
BRDA:51,3,0,0
BRDA:51,3,1,4
BRDA:53,4,0,4
BRDA:53,4,1,0
BRDA:54,5,0,0
BRDA:54,5,1,4
BRDA:55,6,0,0
BRDA:55,6,1,4
BRDA:56,7,0,0
BRDA:56,7,1,4
BRDA:57,8,0,0
BRDA:57,8,1,4
BRDA:59,9,0,0
BRDA:59,9,1,4
BRDA:60,10,0,0
BRDA:60,10,1,4
BRDA:61,11,0,0
BRDA:61,11,1,4
BRDA:62,12,0,0
BRDA:62,12,1,4
BRDA:68,13,0,0
BRDA:68,13,1,184
BRDA:70,14,0,12
BRDA:70,14,1,356
BRDA:76,15,0,4
BRDA:76,16,0,4
BRDA:76,17,0,4
BRDA:76,18,0,4
BRDA:76,19,0,4
BRDA:76,19,1,0
BRDA:78,20,0,4
BRDA:78,20,1,0
BRDA:79,21,0,4
BRDA:79,21,1,0
BRDA:84,22,0,4
BRDA:84,22,1,0
BRDA:88,23,0,0
BRDA:88,23,1,4
BRDA:89,24,0,0
BRDA:89,24,1,4
BRDA:100,25,0,304
BRDA:100,25,1,0
BRDA:101,26,0,304
BRDA:101,26,1,0
BRDA:105,27,0,24
BRDA:105,27,1,280
BRDA:106,28,0,56
BRDA:106,28,1,248
BRDA:108,29,0,304
BRDA:108,29,1,0
BRDA:110,30,0,304
BRDA:110,30,1,0
BRDA:111,31,0,72
BRDA:111,31,1,232
BRDA:111,32,0,4
BRDA:111,32,1,228
BRDA:115,33,0,304
BRDA:115,33,1,0
BRDA:117,34,0,8
BRDA:117,34,1,296
BRDA:117,35,0,304
BRDA:117,35,1,236
BRDA:119,36,0,304
BRDA:119,36,1,0
BRDA:129,37,0,0
BRDA:129,37,1,304
BRDA:129,38,0,304
BRDA:129,38,1,0
BRDA:130,39,0,120
BRDA:130,39,1,184
BRDA:134,40,0,0
BRDA:134,40,1,184
BRDA:136,41,0,0
BRDA:136,41,1,184
BRDA:141,42,0,16
BRDA:141,42,1,168
BRDA:141,43,0,84
BRDA:141,43,1,84
BRDA:146,44,0,0
BRDA:146,44,1,184
BRDA:147,45,0,0
BRDA:147,45,1,184
BRDA:148,46,0,0
BRDA:148,46,1,184
BRDA:152,47,0,4
BRDA:152,47,1,180
BRDA:159,48,0,0
BRDA:159,48,1,184
BRDA:162,49,0,0
BRDA:162,49,1,184
BRDA:168,50,0,0
BRDA:168,50,1,304
BRDA:169,51,0,0
BRDA:169,51,1,0
BRDA:174,52,0,0
BRDA:174,52,1,184
BRDA:174,53,0,16
BRDA:174,53,1,168
BRDA:174,54,0,4
BRDA:174,54,1,180
BRDA:176,55,0,304
BRDA:176,55,1,0
BRDA:177,56,0,184
BRDA:177,56,1,0
BRDA:177,57,0,0
BRDA:177,57,1,0
BRDA:180,58,0,24
BRDA:180,58,1,280
BRDA:181,59,0,24
BRDA:181,59,1,160
BRDA:182,60,0,0
BRDA:182,60,1,184
BRDA:194,61,0,0
BRDA:194,61,1,184
BRDA:195,62,0,16
BRDA:195,62,1,168
BRDA:196,63,0,4
BRDA:196,63,1,180
BRDA:197,64,0,184
BRDA:197,64,1,0
BRDA:198,65,0,48
BRDA:198,65,1,136
BRDA:209,66,0,184
BRDA:209,66,1,0
BRDA:210,67,0,0
BRDA:210,67,1,184
BRDA:214,68,0,184
BRDA:214,68,1,120
BRDA:224,69,0,184
BRDA:224,69,1,0
BRDA:225,70,0,304
BRDA:225,70,1,0
BRDA:226,71,0,304
BRDA:226,71,1,0
BRDA:228,72,0,16
BRDA:228,72,1,168
BRDA:229,73,0,4
BRDA:229,73,1,180
BRDA:233,74,0,304
BRDA:233,74,1,0
BRDA:234,75,0,184
BRDA:234,75,1,0
BRDA:260,76,0,40
BRDA:260,76,1,0
BRDA:261,77,0,40
BRDA:261,77,1,0
BRDA:262,78,0,40
BRDA:262,78,1,0
BRDA:263,79,0,40
BRDA:263,79,1,0
BRDA:264,80,0,40
BRDA:264,80,1,0
BRDA:265,81,0,40
BRDA:265,81,1,0
BRDA:266,82,0,40
BRDA:266,82,1,0
BRDA:267,83,0,40
BRDA:267,83,1,0
BRDA:269,84,0,40
BRDA:269,84,1,0
BRDA:271,85,0,40
BRDA:271,85,1,0
BRDA:272,86,0,40
BRDA:272,86,1,0
BRDA:273,87,0,40
BRDA:273,87,1,0
BRDA:274,88,0,40
BRDA:274,88,1,0
BRDA:275,89,0,40
BRDA:275,89,1,0
BRDA:277,90,0,40
BRDA:277,90,1,0
BRDA:278,91,0,40
BRDA:278,91,1,0
BRDA:279,92,0,40
BRDA:279,92,1,0
BRDA:291,93,0,0
BRDA:291,93,1,4
BRDA:305,94,0,4
BRDA:305,94,1,0
BRDA:306,95,0,4
BRDA:306,95,1,0
BRDA:308,96,0,4
BRDA:308,96,1,0
BRF:190
BRH:116
end_of_record
TN:
SF:src/routes/recommendations.ts
FN:8,(anonymous_0)
FN:21,(anonymous_1)
FN:50,(anonymous_2)
FN:63,(anonymous_3)
FN:103,(anonymous_4)
FN:152,(anonymous_5)
FN:182,(anonymous_6)
FN:211,(anonymous_7)
FNF:8
FNH:5
FNDA:1,(anonymous_0)
FNDA:2,(anonymous_1)
FNDA:1,(anonymous_2)
FNDA:1,(anonymous_3)
FNDA:2,(anonymous_4)
FNDA:0,(anonymous_5)
FNDA:0,(anonymous_6)
FNDA:0,(anonymous_7)
DA:4,1
DA:8,1
DA:9,1
DA:10,1
DA:11,1
DA:12,0
DA:15,1
DA:21,1
DA:22,2
DA:23,2
DA:24,2
DA:25,2
DA:27,2
DA:40,1
DA:42,0
DA:43,0
DA:50,1
DA:51,1
DA:52,1
DA:53,1
DA:54,0
DA:57,1
DA:63,1
DA:64,1
DA:65,1
DA:66,1
DA:67,1
DA:68,1
DA:70,1
DA:92,1
DA:94,0
DA:95,0
DA:103,1
DA:104,2
DA:105,2
DA:106,2
DA:107,0
DA:110,2
DA:111,2
DA:112,0
DA:115,2
DA:121,2
DA:123,1
DA:128,1
DA:131,1
DA:135,1
DA:138,2
DA:142,2
DA:144,0
DA:145,0
DA:152,1
DA:153,0
DA:154,0
DA:155,0
DA:156,0
DA:159,0
DA:160,0
DA:161,0
DA:164,0
DA:165,0
DA:167,0
DA:172,0
DA:174,0
DA:175,0
DA:182,1
DA:183,0
DA:184,0
DA:185,0
DA:186,0
DA:189,0
DA:190,0
DA:191,0
DA:194,0
DA:199,0
DA:201,0
DA:202,0
DA:211,1
DA:212,0
DA:213,0
DA:214,0
DA:215,0
DA:218,0
DA:219,0
DA:220,0
DA:223,0
DA:227,0
DA:228,0
DA:231,0
DA:233,0
DA:234,0
LF:90
LH:43
BRDA:11,0,0,0
BRDA:11,0,1,1
BRDA:22,1,0,2
BRDA:22,1,1,0
BRDA:23,2,0,2
BRDA:23,2,1,0
BRDA:24,3,0,2
BRDA:24,3,1,0
BRDA:25,4,0,2
BRDA:25,4,1,0
BRDA:34,5,0,2
BRDA:34,5,1,0
BRDA:35,6,0,2
BRDA:35,6,1,0
BRDA:36,7,0,2
BRDA:36,7,1,0
BRDA:53,8,0,0
BRDA:53,8,1,1
BRDA:65,9,0,1
BRDA:65,9,1,0
BRDA:66,10,0,1
BRDA:66,10,1,0
BRDA:67,11,0,1
BRDA:67,11,1,0
BRDA:68,12,0,1
BRDA:68,12,1,0
BRDA:76,13,0,1
BRDA:76,13,1,0
BRDA:79,14,0,1
BRDA:79,14,1,1
BRDA:86,15,0,1
BRDA:86,15,1,0
BRDA:87,16,0,1
BRDA:87,16,1,0
BRDA:88,17,0,1
BRDA:88,17,1,0
BRDA:106,18,0,0
BRDA:106,18,1,2
BRDA:111,19,0,0
BRDA:111,19,1,2
BRDA:111,20,0,2
BRDA:111,20,1,2
BRDA:121,21,0,1
BRDA:121,21,1,1
BRDA:121,22,0,2
BRDA:121,22,1,1
BRDA:155,23,0,0
BRDA:155,23,1,0
BRDA:160,24,0,0
BRDA:160,24,1,0
BRDA:160,25,0,0
BRDA:160,25,1,0
BRDA:164,26,0,0
BRDA:164,26,1,0
BRDA:185,27,0,0
BRDA:185,27,1,0
BRDA:190,28,0,0
BRDA:190,28,1,0
BRDA:190,29,0,0
BRDA:190,29,1,0
BRDA:214,30,0,0
BRDA:214,30,1,0
BRDA:219,31,0,0
BRDA:219,31,1,0
BRDA:219,32,0,0
BRDA:219,32,1,0
BRDA:227,33,0,0
BRDA:227,33,1,0
BRF:68
BRH:27
end_of_record
TN:
SF:src/services/classifyTask/index.ts
FN:15,clamp01
FN:19,classifyTask
FNF:2
FNH:1
FNDA:0,clamp01
FNDA:4,classifyTask
DA:16,0
DA:20,4
DA:22,4
DA:23,4
DA:25,0
DA:33,0
DA:46,4
DA:48,4
LF:8
LH:5
BRDA:20,0,0,4
BRDA:20,0,1,0
BRDA:38,1,0,0
BRDA:38,1,1,0
BRDA:39,2,0,4
BRDA:39,2,1,0
BRDA:40,3,0,4
BRDA:40,3,1,0
BRF:8
BRH:3
end_of_record
TN:
SF:src/services/classifyTask/ollamaTaskClassifier.ts
FN:64,env
FN:70,preNormalize
FN:77,ollamaChatJson
FN:88,(anonymous_3)
FN:106,(anonymous_4)
FN:119,classifyTaskWithOllama
FNF:6
FNH:5
FNDA:8,env
FNDA:4,preNormalize
FNDA:4,ollamaChatJson
FNDA:4,(anonymous_3)
FNDA:0,(anonymous_4)
FNDA:4,classifyTaskWithOllama
DA:11,1
DA:65,8
DA:66,8
DA:71,4
DA:83,4
DA:84,4
DA:86,4
DA:87,4
DA:88,4
DA:90,4
DA:91,4
DA:105,0
DA:106,0
DA:107,0
DA:110,0
DA:111,0
DA:112,4
DA:113,0
DA:115,4
DA:120,4
DA:121,4
DA:123,4
DA:156,4
DA:163,4
DA:174,0
DA:178,4
LF:26
LH:19
BRDA:66,0,0,8
BRDA:66,0,1,0
BRDA:66,1,0,8
BRDA:66,1,1,0
BRDA:71,2,0,4
BRDA:71,2,1,0
BRDA:87,3,0,4
BRDA:87,3,1,0
BRDA:99,4,0,4
BRDA:99,4,1,0
BRDA:105,5,0,0
BRDA:105,5,1,0
BRDA:111,6,0,0
BRDA:111,6,1,0
BRDA:112,7,0,0
BRDA:112,7,1,4
BRDA:174,8,0,0
BRDA:174,8,1,0
BRDA:180,9,0,4
BRDA:180,9,1,0
BRDA:180,10,0,4
BRDA:180,10,1,0
BRDA:182,11,0,0
BRDA:182,11,1,0
BRDA:183,12,0,0
BRDA:183,12,1,0
BRF:26
BRH:8
end_of_record
TN:
SF:src/services/recommend/capability.ts
FN:3,capabilityScore
FN:9,(anonymous_1)
FNF:2
FNH:2
FNDA:304,capabilityScore
FNDA:1060,(anonymous_1)
DA:9,1060
DA:10,304
DA:11,304
DA:12,304
DA:15,304
DA:16,304
DA:19,260
DA:20,244
DA:21,232
DA:22,188
DA:25,180
DA:27,104
DA:28,104
DA:29,104
DA:33,120
DA:34,116
DA:36,116
LF:17
LH:17
BRDA:9,0,0,304
BRDA:9,0,1,0
BRDA:10,1,0,304
BRDA:10,1,1,0
BRDA:11,2,0,304
BRDA:11,2,1,0
BRDA:12,3,0,304
BRDA:12,3,1,0
BRDA:15,4,0,0
BRDA:15,4,1,304
BRDA:16,5,0,44
BRDA:16,5,1,260
BRDA:19,6,0,244
BRDA:19,6,1,16
BRDA:20,7,0,12
BRDA:20,7,1,232
BRDA:20,8,0,244
BRDA:20,8,1,232
BRDA:21,9,0,44
BRDA:21,9,1,188
BRDA:21,10,0,232
BRDA:21,10,1,188
BRDA:22,11,0,8
BRDA:22,11,1,180
BRDA:22,12,0,188
BRDA:22,12,1,180
BRDA:25,13,0,76
BRDA:25,13,1,104
BRDA:25,14,0,180
BRDA:25,14,1,172
BRDA:25,14,2,172
BRDA:27,15,0,0
BRDA:27,15,1,104
BRDA:27,16,0,104
BRDA:27,16,1,104
BRDA:28,17,0,0
BRDA:28,17,1,104
BRDA:29,18,0,0
BRDA:29,18,1,104
BRDA:33,19,0,4
BRDA:33,19,1,116
BRDA:33,20,0,120
BRDA:33,20,1,120
BRDA:34,21,0,0
BRDA:34,21,1,116
BRF:45
BRH:36
end_of_record
TN:
SF:src/services/recommend/pipeline.ts
FN:53,hasAnyTag
FN:54,(anonymous_1)
FN:55,(anonymous_2)
FN:58,stableId
FN:66,chooseBest
FN:89,blankModel
FN:101,buildRecommendedPipeline
FN:149,(anonymous_7)
FN:158,(anonymous_8)
FN:172,(anonymous_9)
FNF:10
FNH:9
FNDA:36,hasAnyTag
FNDA:116,(anonymous_1)
FNDA:80,(anonymous_2)
FNDA:140,stableId
FNDA:12,chooseBest
FNDA:0,blankModel
FNDA:4,buildRecommendedPipeline
FNDA:40,(anonymous_7)
FNDA:36,(anonymous_8)
FNDA:36,(anonymous_9)
DA:54,116
DA:55,80
DA:59,140
DA:71,12
DA:72,12
DA:73,12
DA:75,12
DA:76,120
DA:77,120
DA:79,112
DA:80,112
DA:81,20
DA:82,20
DA:83,20
DA:86,12
DA:90,0
DA:105,4
DA:108,4
DA:109,0
DA:111,0
DA:143,4
DA:147,4
DA:149,40
DA:152,4
DA:156,4
DA:159,36
DA:166,4
DA:170,4
DA:173,36
DA:174,36
DA:175,36
DA:180,4
DA:182,4
DA:235,4
DA:237,4
DA:246,4
LF:36
LH:33
BRDA:54,0,0,36
BRDA:54,0,1,0
BRDA:59,1,0,140
BRDA:59,1,1,0
BRDA:59,1,2,0
BRDA:77,2,0,8
BRDA:77,2,1,112
BRDA:77,3,0,120
BRDA:77,3,1,80
BRDA:80,4,0,20
BRDA:80,4,1,92
BRDA:80,5,0,112
BRDA:80,5,1,92
BRDA:80,5,2,4
BRDA:105,6,0,4
BRDA:105,6,1,0
BRDA:108,7,0,0
BRDA:108,7,1,4
BRDA:109,8,0,0
BRDA:109,8,1,0
BRDA:109,8,2,0
BRDA:112,9,0,0
BRDA:112,9,1,0
BRDA:127,10,0,0
BRDA:127,10,1,0
BRDA:147,11,0,4
BRDA:147,11,1,0
BRDA:156,12,0,4
BRDA:156,12,1,0
BRDA:170,13,0,4
BRDA:170,13,1,0
BRDA:173,14,0,36
BRDA:173,14,1,0
BRDA:174,15,0,16
BRDA:174,15,1,20
BRDA:180,16,0,4
BRDA:180,16,1,4
BRDA:180,16,2,4
BRDA:204,17,0,0
BRDA:204,17,1,4
BRDA:207,18,0,0
BRDA:207,18,1,4
BRDA:213,19,0,0
BRDA:213,19,1,4
BRDA:241,20,0,4
BRDA:241,20,1,0
BRDA:247,21,0,0
BRDA:247,21,1,4
BRF:48
BRH:27
end_of_record
TN:
SF:src/services/recommend/scoring.ts
FN:3,normLower
FN:7,clamp01
FN:11,isUnknownNumber
FN:17,satBonus
FN:21,jsonArrayToStringArray
FN:25,tokenize
FN:29,(anonymous_6)
FN:32,jaccard
FN:61,taskProfile
FN:106,privacyAllows
FN:116,modalityAllows
FN:132,buildDomainText
FNF:12
FNH:12
FNDA:923,normLower
FNDA:1288,clamp01
FNDA:912,isUnknownNumber
FNDA:184,satBonus
FNDA:856,jsonArrayToStringArray
FNDA:188,tokenize
FNDA:9008,(anonymous_6)
FNDA:1,jaccard
FNDA:5,taskProfile
FNDA:306,privacyAllows
FNDA:306,modalityAllows
FNDA:184,buildDomainText
DA:4,923
DA:8,1288
DA:12,912
DA:13,912
DA:18,184
DA:22,856
DA:26,188
DA:29,9008
DA:33,1
DA:34,2
DA:35,1
DA:36,1
DA:62,5
DA:65,5
DA:70,5
DA:85,5
DA:89,5
DA:93,5
DA:94,5
DA:95,1
DA:96,0
DA:97,0
DA:98,0
DA:99,0
DA:100,0
DA:103,5
DA:107,306
DA:108,306
DA:110,306
DA:111,306
DA:112,304
DA:113,0
DA:117,306
DA:120,306
DA:128,306
DA:129,0
DA:133,184
DA:135,184
DA:136,1104
DA:139,184
DA:147,1104
DA:148,1104
DA:151,184
LF:43
LH:36
BRDA:4,0,0,923
BRDA:4,0,1,0
BRDA:13,1,0,912
BRDA:13,1,1,912
BRDA:22,2,0,856
BRDA:22,2,1,0
BRDA:34,3,0,1
BRDA:34,3,1,1
BRDA:36,4,0,0
BRDA:36,4,1,1
BRDA:70,5,0,0
BRDA:70,5,1,5
BRDA:72,6,0,4
BRDA:72,6,1,1
BRDA:74,7,0,0
BRDA:74,7,1,1
BRDA:76,8,0,0
BRDA:76,8,1,1
BRDA:78,9,0,0
BRDA:78,9,1,1
BRDA:80,10,0,0
BRDA:80,10,1,1
BRDA:85,11,0,5
BRDA:85,11,1,1
BRDA:94,12,0,1
BRDA:94,12,1,4
BRDA:95,13,0,1
BRDA:95,13,1,0
BRDA:95,14,0,0
BRDA:95,14,1,0
BRDA:96,15,0,0
BRDA:96,15,1,0
BRDA:97,16,0,0
BRDA:97,16,1,0
BRDA:98,17,0,0
BRDA:98,17,1,0
BRDA:110,18,0,0
BRDA:110,18,1,306
BRDA:111,19,0,2
BRDA:111,19,1,304
BRDA:111,20,0,2
BRDA:111,20,1,1
BRDA:112,21,0,304
BRDA:112,21,1,0
BRDA:120,22,0,306
BRDA:120,22,1,306
BRDA:120,22,2,306
BRDA:120,22,3,306
BRDA:120,22,4,304
BRDA:120,22,5,304
BRDA:120,22,6,304
BRDA:128,23,0,306
BRDA:128,23,1,0
BRDA:136,24,0,1100
BRDA:136,24,1,4
BRDA:148,25,0,1104
BRDA:148,25,1,0
BRF:57
BRH:36
end_of_record
